Using pre-set license
Desktop is 1440 x 900 @ 60 Hz

 COMMAND LINE ARGUMENTS:
Unity
-adb2
-batchMode
-noUpm
-name
AssetImportWorker2
-projectPath
/home/victor/UnityP/CoinCollectorURP
-logFile
Logs/AssetImportWorker2.log
-srvPort
37361
Successfully changed project path to: /home/victor/UnityP/CoinCollectorURP
/home/victor/UnityP/CoinCollectorURP
Using Asset Import Pipeline V2.
Refreshing native plugins compatible for Editor in 110,38 ms, found 0 plugins.
Preloading 0 native plugins for Editor in 0,00 ms.
Initialize engine version: 2020.3.11f1 (99c7afb366b3)
[Subsystems] Discovering subsystems at path /home/victor/Unity/Hub/Editor/2020.3.11f1/Editor/Data/Resources/UnitySubsystems
[Subsystems] Discovering subsystems at path /home/victor/UnityP/CoinCollectorURP/Assets
GLX Extensions: GLX_ARB_create_context GLX_ARB_create_context_no_error GLX_ARB_create_context_profile GLX_ARB_create_context_robustness GLX_ARB_fbconfig_float GLX_ARB_framebuffer_sRGB GLX_ARB_get_proc_address GLX_ARB_multisample GLX_EXT_buffer_age GLX_EXT_create_context_es2_profile GLX_EXT_create_context_es_profile GLX_EXT_fbconfig_packed_float GLX_EXT_framebuffer_sRGB GLX_EXT_import_context GLX_EXT_swap_control GLX_EXT_swap_control_tear GLX_EXT_texture_from_pixmap GLX_EXT_visual_info GLX_EXT_visual_rating GLX_INTEL_swap_event GLX_MESA_copy_sub_buffer GLX_MESA_query_renderer GLX_MESA_swap_control GLX_OML_swap_method GLX_OML_sync_control GLX_SGIS_multisample GLX_SGIX_fbconfig GLX_SGIX_pbuffer GLX_SGIX_visual_select_group GLX_SGI_make_current_read GLX_SGI_swap_control GLX_SGI_video_sync 
Renderer: AMD TURKS (DRM 2.50.0 / 5.11.0-18-lowlatency, LLVM 11.0.1)
Vendor:   X.Org
Version:  3.3 (Core Profile) Mesa 21.0.1
GLES:     0
 GL_AMD_conservative_depth GL_AMD_depth_clamp_separate GL_AMD_draw_buffers_blend GL_AMD_multi_draw_indirect GL_AMD_performance_monitor GL_AMD_pinned_memory GL_AMD_query_buffer_object GL_AMD_seamless_cubemap_per_texture GL_AMD_shader_stencil_export GL_AMD_shader_trinary_minmax GL_AMD_texture_texture4 GL_AMD_vertex_shader_layer GL_AMD_vertex_shader_viewport_index GL_ANGLE_texture_compression_dxt3 GL_ANGLE_texture_compression_dxt5 GL_ARB_ES2_compatibility GL_ARB_ES3_1_compatibility GL_ARB_ES3_2_compatibility GL_ARB_ES3_compatibility GL_ARB_arrays_of_arrays GL_ARB_base_instance GL_ARB_blend_func_extended GL_ARB_buffer_storage GL_ARB_clear_buffer_object GL_ARB_clear_texture GL_ARB_clip_control GL_ARB_compressed_texture_pixel_storage GL_ARB_compute_shader GL_ARB_conditional_render_inverted GL_ARB_conservative_depth GL_ARB_copy_buffer GL_ARB_copy_image GL_ARB_cull_distance GL_ARB_debug_output GL_ARB_depth_buffer_float GL_ARB_depth_clamp GL_ARB_derivative_control GL_ARB_direct_state_access GL_ARB_draw_buffers GL_ARB
_draw_buffers_blend GL_ARB_draw_elements_base_vertex GL_ARB_draw_indirect GL_ARB_draw_instanced GL_ARB_enhanced_layouts GL_ARB_explicit_attrib_location GL_ARB_explicit_uniform_location GL_ARB_fragment_coord_conventions GL_ARB_fragment_layer_viewport GL_ARB_fragment_shader GL_ARB_framebuffer_no_attachments GL_ARB_framebuffer_object GL_ARB_framebuffer_sRGB GL_ARB_get_program_binary GL_ARB_get_texture_sub_image GL_ARB_gpu_shader5 GL_ARB_half_float_pixel GL_ARB_half_float_vertex GL_ARB_instanced_arrays GL_ARB_internalformat_query GL_ARB_internalformat_query2 GL_ARB_invalidate_subdata GL_ARB_map_buffer_alignment GL_ARB_map_buffer_range GL_ARB_multi_bind GL_ARB_multi_draw_indirect GL_ARB_occlusion_query2 GL_ARB_parallel_shader_compile GL_ARB_pipeline_statistics_query GL_ARB_pixel_buffer_object GL_ARB_point_sprite GL_ARB_polygon_offset_clamp GL_ARB_program_interface_query GL_ARB_provoking_vertex GL_ARB_query_buffer_object GL_ARB_robust_buffer_access_behavior GL_ARB_robustness GL_ARB_sample_shading GL_ARB_sampler_ob
jects GL_ARB_seamless_cube_map GL_ARB_seamless_cubemap_per_texture GL_ARB_separate_shader_objects GL_ARB_shader_atomic_counter_ops GL_ARB_shader_atomic_counters GL_ARB_shader_bit_encoding GL_ARB_shader_clock GL_ARB_shader_image_load_store GL_ARB_shader_image_size GL_ARB_shader_objects GL_ARB_shader_precision GL_ARB_shader_stencil_export GL_ARB_shader_storage_buffer_object GL_ARB_shader_subroutine GL_ARB_shader_texture_image_samples GL_ARB_shader_texture_lod GL_ARB_shading_language_420pack GL_ARB_shading_language_include GL_ARB_shading_language_packing GL_ARB_stencil_texturing GL_ARB_sync GL_ARB_tessellation_shader GL_ARB_texture_barrier GL_ARB_texture_buffer_object GL_ARB_texture_buffer_object_rgb32 GL_ARB_texture_buffer_range GL_ARB_texture_compression_bptc GL_ARB_texture_compression_rgtc GL_ARB_texture_cube_map_array GL_ARB_texture_filter_anisotropic GL_ARB_texture_float GL_ARB_texture_gather GL_ARB_texture_mirror_clamp_to_edge GL_ARB_texture_multisample GL_ARB_texture_non_power_of_two GL_ARB_texture_query
_levels GL_ARB_texture_query_lod GL_ARB_texture_rectangle GL_ARB_texture_rg GL_ARB_texture_rgb10_a2ui GL_ARB_texture_stencil8 GL_ARB_texture_storage GL_ARB_texture_storage_multisample GL_ARB_texture_swizzle GL_ARB_texture_view GL_ARB_timer_query GL_ARB_transform_feedback2 GL_ARB_transform_feedback3 GL_ARB_transform_feedback_instanced GL_ARB_uniform_buffer_object GL_ARB_vertex_array_bgra GL_ARB_vertex_array_object GL_ARB_vertex_attrib_binding GL_ARB_vertex_buffer_object GL_ARB_vertex_shader GL_ARB_vertex_type_10f_11f_11f_rev GL_ARB_vertex_type_2_10_10_10_rev GL_ARB_viewport_array GL_ATI_blend_equation_separate GL_ATI_meminfo GL_ATI_texture_float GL_ATI_texture_mirror_once GL_EXT_EGL_image_storage GL_EXT_EGL_sync GL_EXT_abgr GL_EXT_blend_equation_separate GL_EXT_draw_buffers2 GL_EXT_draw_instanced GL_EXT_framebuffer_blit GL_EXT_framebuffer_multisample GL_EXT_framebuffer_multisample_blit_scaled GL_EXT_framebuffer_object GL_EXT_framebuffer_sRGB GL_EXT_packed_depth_stencil GL_EXT_packed_float GL_EXT_pixel_buffer_
object GL_EXT_polygon_offset_clamp GL_EXT_provoking_vertex GL_EXT_shader_integer_mix GL_EXT_texture_array GL_EXT_texture_compression_dxt1 GL_EXT_texture_compression_rgtc GL_EXT_texture_compression_s3tc GL_EXT_texture_filter_anisotropic GL_EXT_texture_integer GL_EXT_texture_mirror_clamp GL_EXT_texture_sRGB GL_EXT_texture_sRGB_R8 GL_EXT_texture_sRGB_decode GL_EXT_texture_shared_exponent GL_EXT_texture_snorm GL_EXT_texture_swizzle GL_EXT_timer_query GL_EXT_transform_feedback GL_EXT_vertex_array_bgra GL_IBM_multimode_draw_arrays GL_KHR_context_flush_control GL_KHR_debug GL_KHR_no_error GL_KHR_parallel_shader_compile GL_KHR_robust_buffer_access_behavior GL_KHR_robustness GL_KHR_texture_compression_astc_ldr GL_KHR_texture_compression_astc_sliced_3d GL_MESA_pack_invert GL_MESA_shader_integer_functions GL_MESA_texture_signed_rgba GL_NVX_gpu_memory_info GL_NV_conditional_render GL_NV_copy_image GL_NV_depth_clamp GL_NV_packed_depth_stencil GL_NV_texture_barrier GL_NV_vdpau_interop GL_OES_EGL_image GL_S3_s3tc
OPENGL LOG: Creating OpenGL 3.3 graphics device ; Context level  <OpenGL 3.3> ; Context handle -235966448
Shader 'Universal Render Pipeline/Particles/Lit': fallback shader 'Universal Render Pipeline/Particles/SimpleLit' not found
Initialize mono
Mono path[0] = '/home/victor/Unity/Hub/Editor/2020.3.11f1/Editor/Data/Managed'
Mono path[1] = '/home/victor/Unity/Hub/Editor/2020.3.11f1/Editor/Data/MonoBleedingEdge/lib/mono/unityjit'
Mono config path = '/home/victor/Unity/Hub/Editor/2020.3.11f1/Editor/Data/MonoBleedingEdge/etc'
Using monoOptions --debugger-agent=transport=dt_socket,embedding=1,server=y,suspend=n,address=127.0.0.1:56885
Begin MonoManager ReloadAssembly
Registering precompiled unity dll's ...
Register platform support module: /home/victor/Unity/Hub/Editor/2020.3.11f1/Editor/Data/PlaybackEngines/LinuxStandaloneSupport/UnityEditor.LinuxStandalone.Extensions.dll
Registered in 0,002175 seconds.
Native extension for LinuxStandalone target not found
Refreshing native plugins compatible for Editor in 112,02 ms, found 0 plugins.
Preloading 0 native plugins for Editor in 0,00 ms.
Mono: successfully reloaded assembly
- Completed reload, in  2,050 seconds
Platform modules already initialized, skipping
Registering precompiled user dll's ...
Registered in 0,004824 seconds.
Begin MonoManager ReloadAssembly
Native extension for LinuxStandalone target not found
Refreshing native plugins compatible for Editor in 148,57 ms, found 0 plugins.
Preloading 0 native plugins for Editor in 0,00 ms.
Mono: successfully reloaded assembly
- Completed reload, in  2,985 seconds
Platform modules already initialized, skipping
========================================================================
Worker process is ready to serve import requests
Shader 'Universal Render Pipeline/Particles/Lit': fallback shader 'Universal Render Pipeline/Particles/SimpleLit' not found
Launched and connected shader compiler UnityShaderCompiler after 0.06 seconds
Refreshing native plugins compatible for Editor in 1,99 ms, found 0 plugins.
Preloading 0 native plugins for Editor in 0,00 ms.
Unloading 3013 Unused Serialized files (Serialized files now loaded: 0)
System memory in use before: 129,1 MB.
System memory in use after: 129,1 MB.

Unloading 32 unused Assets to reduce memory usage. Loaded Objects now: 3445.
Total: 11,132676 ms (FindLiveObjects: 0,872617 ms CreateObjectMapping: 0,418748 ms MarkObjects: 9,227382 ms  DeleteObjects: 0,609136 ms)

========================================================================
Received Import Request.
  path: Assets/scripts/BallInput.cs
  artifactKey: Guid(846cf5fa66e3eec058019b61a3a1be6a) Importer(815301076,1909f56bfc062723c751e8b465ee728b)
Start importing Assets/scripts/BallInput.cs using Guid(846cf5fa66e3eec058019b61a3a1be6a) Importer(815301076,1909f56bfc062723c751e8b465ee728b)  -> (artifact id: '99cd3037faa4a20854c623cd9bbf90a1') in 0,018730 seconds
  Import took 0,056110 seconds .

========================================================================
Received Import Request.
  Time since last request: 38,743874 seconds.
  path: Assets/scripts/Ball_move.cs
  artifactKey: Guid(4244ba31b615c946ba6458d15365bd00) Importer(815301076,1909f56bfc062723c751e8b465ee728b)
Start importing Assets/scripts/Ball_move.cs using Guid(4244ba31b615c946ba6458d15365bd00) Importer(815301076,1909f56bfc062723c751e8b465ee728b)  -> (artifact id: '6546a4572adf5a2d893de6f1c450e704') in 0,001262 seconds
  Import took 0,044570 seconds .

========================================================================
Received Import Request.
  Time since last request: 0,027381 seconds.
  path: Assets/scripts/Ball_move.cs
  artifactKey: Guid(4244ba31b615c946ba6458d15365bd00) Importer(815301076,1909f56bfc062723c751e8b465ee728b)
Start importing Assets/scripts/Ball_move.cs using Guid(4244ba31b615c946ba6458d15365bd00) Importer(815301076,1909f56bfc062723c751e8b465ee728b)  -> (artifact id: '6546a4572adf5a2d893de6f1c450e704') in 0,001938 seconds
  Import took 0,013752 seconds .

========================================================================
Received Prepare
Registering precompiled user dll's ...
Registered in 0,004081 seconds.
Begin MonoManager ReloadAssembly
Native extension for LinuxStandalone target not found
Refreshing native plugins compatible for Editor in 1,26 ms, found 0 plugins.
Preloading 0 native plugins for Editor in 0,00 ms.
Mono: successfully reloaded assembly
- Completed reload, in  2,069 seconds
Platform modules already initialized, skipping
Shader 'Universal Render Pipeline/Particles/Lit': fallback shader 'Universal Render Pipeline/Particles/SimpleLit' not found
Refreshing native plugins compatible for Editor in 1,08 ms, found 0 plugins.
Preloading 0 native plugins for Editor in 0,00 ms.
Unloading 2869 Unused Serialized files (Serialized files now loaded: 0)
System memory in use before: 118,6 MB.
System memory in use after: 118,7 MB.

Unloading 23 unused Assets to reduce memory usage. Loaded Objects now: 3448.
Total: 6,977332 ms (FindLiveObjects: 0,548728 ms CreateObjectMapping: 0,177819 ms MarkObjects: 5,887036 ms  DeleteObjects: 0,360226 ms)

========================================================================
Received Import Request.
  Time since last request: 28,528588 seconds.
  path: Assets/scripts/Ball_move.cs
  artifactKey: Guid(4244ba31b615c946ba6458d15365bd00) Importer(815301076,1909f56bfc062723c751e8b465ee728b)
Start importing Assets/scripts/Ball_move.cs using Guid(4244ba31b615c946ba6458d15365bd00) Importer(815301076,1909f56bfc062723c751e8b465ee728b)  -> (artifact id: 'bf86df885261c6ea6f8c90dbc748163c') in 0,007414 seconds
  Import took 0,033690 seconds .

========================================================================
Received Import Request.
  Time since last request: 0,001742 seconds.
  path: Assets/scripts/Ball_move.cs
  artifactKey: Guid(4244ba31b615c946ba6458d15365bd00) Importer(815301076,1909f56bfc062723c751e8b465ee728b)
Start importing Assets/scripts/Ball_move.cs using Guid(4244ba31b615c946ba6458d15365bd00) Importer(815301076,1909f56bfc062723c751e8b465ee728b)  -> (artifact id: 'bf86df885261c6ea6f8c90dbc748163c') in 0,001329 seconds
  Import took 0,013130 seconds .

========================================================================
Received Prepare
Registering precompiled user dll's ...
Registered in 0,005591 seconds.
Begin MonoManager ReloadAssembly
Native extension for LinuxStandalone target not found
Refreshing native plugins compatible for Editor in 1,13 ms, found 0 plugins.
Preloading 0 native plugins for Editor in 0,00 ms.
Mono: successfully reloaded assembly
- Completed reload, in  1,855 seconds
Platform modules already initialized, skipping
Shader 'Universal Render Pipeline/Particles/Lit': fallback shader 'Universal Render Pipeline/Particles/SimpleLit' not found
Refreshing native plugins compatible for Editor in 1,14 ms, found 0 plugins.
Preloading 0 native plugins for Editor in 0,00 ms.
Unloading 2869 Unused Serialized files (Serialized files now loaded: 0)
System memory in use before: 118,7 MB.
System memory in use after: 118,7 MB.

Unloading 23 unused Assets to reduce memory usage. Loaded Objects now: 3451.
Total: 6,694958 ms (FindLiveObjects: 0,506357 ms CreateObjectMapping: 0,183773 ms MarkObjects: 5,623996 ms  DeleteObjects: 0,377410 ms)

========================================================================
Received Import Request.
  Time since last request: 46,752529 seconds.
  path: Assets/scripts/PlayerColisions.cs
  artifactKey: Guid(15cf2e012e498122f82ba13588291207) Importer(815301076,1909f56bfc062723c751e8b465ee728b)
Start importing Assets/scripts/PlayerColisions.cs using Guid(15cf2e012e498122f82ba13588291207) Importer(815301076,1909f56bfc062723c751e8b465ee728b)  -> (artifact id: '2a13a9477c669ae6d0e554dd2bfa7387') in 0,007036 seconds
  Import took 0,037565 seconds .

========================================================================
Received Import Request.
  Time since last request: 70,097048 seconds.
  path: Assets/presets/Game Manager Profile.asset
  artifactKey: Guid(f3b943b1977801112819924510049c03) Importer(815301076,1909f56bfc062723c751e8b465ee728b)
Start importing Assets/presets/Game Manager Profile.asset using Guid(f3b943b1977801112819924510049c03) Importer(815301076,1909f56bfc062723c751e8b465ee728b)  -> (artifact id: '776c1b1e4cc5488a6d330643dbff1b95') in 0,041659 seconds
  Import took 0,074091 seconds .

========================================================================
Received Import Request.
  Time since last request: 0,016584 seconds.
  path: Assets/presets/Game Manager Profile.asset
  artifactKey: Guid(f3b943b1977801112819924510049c03) Importer(815301076,1909f56bfc062723c751e8b465ee728b)
Start importing Assets/presets/Game Manager Profile.asset using Guid(f3b943b1977801112819924510049c03) Importer(815301076,1909f56bfc062723c751e8b465ee728b)  -> (artifact id: '776c1b1e4cc5488a6d330643dbff1b95') in 0,003657 seconds
  Import took 0,015643 seconds .

========================================================================
Received Import Request.
  Time since last request: 0,697093 seconds.
  path: Assets/prefabs/Camera.prefab
  artifactKey: Guid(4a575a9e667ea2f7e96e2de82f621bbd) Importer(815301076,1909f56bfc062723c751e8b465ee728b)
Start importing Assets/prefabs/Camera.prefab using Guid(4a575a9e667ea2f7e96e2de82f621bbd) Importer(815301076,1909f56bfc062723c751e8b465ee728b)  -> (artifact id: 'a58aeb66a0e711beed1a1a4253c835bf') in 0,068178 seconds
  Import took 0,077063 seconds .

========================================================================
Received Import Request.
  Time since last request: 0,000564 seconds.
  path: Assets/prefabs/Enemy1.prefab
  artifactKey: Guid(cdb06536b0a2ea96db0252d224636140) Importer(815301076,1909f56bfc062723c751e8b465ee728b)
Start importing Assets/prefabs/Enemy1.prefab using Guid(cdb06536b0a2ea96db0252d224636140) Importer(815301076,1909f56bfc062723c751e8b465ee728b)  -> (artifact id: '805165a3aeaadb6bf28c5660f03af264') in 1,404789 seconds
  Import took 1,436333 seconds .

========================================================================
Received Import Request.
  Time since last request: 0,000474 seconds.
  path: Assets/prefabs/Canvas.prefab
  artifactKey: Guid(b41552ebad203a757a9a7773cc8220b3) Importer(815301076,1909f56bfc062723c751e8b465ee728b)
Start importing Assets/prefabs/Canvas.prefab using Guid(b41552ebad203a757a9a7773cc8220b3) Importer(815301076,1909f56bfc062723c751e8b465ee728b)  -> (artifact id: 'b0e119128bc6f057bb0e5500db893e03') in 0,087176 seconds
  Import took 0,129056 seconds .

========================================================================
Received Import Request.
  Time since last request: 0,000395 seconds.
  path: Assets/prefabs/Game Manager.prefab
  artifactKey: Guid(925c72b3dbcb30b00ac8af1f9e88ee0f) Importer(815301076,1909f56bfc062723c751e8b465ee728b)
Start importing Assets/prefabs/Game Manager.prefab using Guid(925c72b3dbcb30b00ac8af1f9e88ee0f) Importer(815301076,1909f56bfc062723c751e8b465ee728b)  -> (artifact id: '1008014e84b1a6e9dbac01740d69c0b9') in 0,395000 seconds
  Import took 0,428098 seconds .

========================================================================
Received Import Request.
  Time since last request: 0,000347 seconds.
  path: Assets/prefabs/Canvas.prefab
  artifactKey: Guid(b41552ebad203a757a9a7773cc8220b3) Importer(815301076,1909f56bfc062723c751e8b465ee728b)
Start importing Assets/prefabs/Canvas.prefab using Guid(b41552ebad203a757a9a7773cc8220b3) Importer(815301076,1909f56bfc062723c751e8b465ee728b)  -> (artifact id: 'b0e119128bc6f057bb0e5500db893e03') in 0,005060 seconds
  Import took 0,014074 seconds .

========================================================================
Received Import Request.
  Time since last request: 0,000271 seconds.
  path: Assets/prefabs/Enemy2.prefab
  artifactKey: Guid(18d119f17706f94caa24517f45d0eeff) Importer(815301076,1909f56bfc062723c751e8b465ee728b)
Start importing Assets/prefabs/Enemy2.prefab using Guid(18d119f17706f94caa24517f45d0eeff) Importer(815301076,1909f56bfc062723c751e8b465ee728b)  -> (artifact id: '54e512aef27ee63085feb0c2e0897243') in 0,052273 seconds
  Import took 0,088062 seconds .

========================================================================
Received Import Request.
  Time since last request: 0,982874 seconds.
  path: Assets/prefabs/player/Player-RollerBall.prefab
  artifactKey: Guid(d879ef73d54e03eb1b5411b05c825a57) Importer(815301076,1909f56bfc062723c751e8b465ee728b)
Start importing Assets/prefabs/player/Player-RollerBall.prefab using Guid(d879ef73d54e03eb1b5411b05c825a57) Importer(815301076,1909f56bfc062723c751e8b465ee728b)  -> (artifact id: '6c3adf7004d17ec49eb11e14247af294') in 0,758721 seconds
  Import took 0,788946 seconds .

========================================================================
Received Import Request.
  Time since last request: 0,000454 seconds.
  path: Assets/prefabs/player/Player-SOCCER.prefab
  artifactKey: Guid(67133aad7775d37e6bd16e429c25fffb) Importer(815301076,1909f56bfc062723c751e8b465ee728b)
Start importing Assets/prefabs/player/Player-SOCCER.prefab using Guid(67133aad7775d37e6bd16e429c25fffb) Importer(815301076,1909f56bfc062723c751e8b465ee728b)  -> (artifact id: '6ab6d4bc6f5580fbdb3ec03975d7508d') in 0,509030 seconds
  Import took 0,519666 seconds .

========================================================================
Received Import Request.
  Time since last request: 0,000429 seconds.
  path: Assets/prefabs/player/Player-SOCCER2.prefab
  artifactKey: Guid(577b5930f93d45becad8821ba6655e81) Importer(815301076,1909f56bfc062723c751e8b465ee728b)
Start importing Assets/prefabs/player/Player-SOCCER2.prefab using Guid(577b5930f93d45becad8821ba6655e81) Importer(815301076,1909f56bfc062723c751e8b465ee728b)  -> (artifact id: '8b49dfb35d3b065040d485f69aa2862a') in 0,015064 seconds
  Import took 0,039882 seconds .

========================================================================
Received Import Request.
  Time since last request: 0,000257 seconds.
  path: Assets/prefabs/player/Player-RollerBall2.prefab
  artifactKey: Guid(4cc517a7f8c88670196cb35ed0289e6e) Importer(815301076,1909f56bfc062723c751e8b465ee728b)
Start importing Assets/prefabs/player/Player-RollerBall2.prefab using Guid(4cc517a7f8c88670196cb35ed0289e6e) Importer(815301076,1909f56bfc062723c751e8b465ee728b)  -> (artifact id: '58285d590d14da39d1ce2359efb50054') in 0,029940 seconds
  Import took 0,042845 seconds .

========================================================================
Received Import Request.
  Time since last request: 12,275668 seconds.
  path: Assets/prefabs/player/Player-SOCCER2.prefab
  artifactKey: Guid(577b5930f93d45becad8821ba6655e81) Importer(815301076,1909f56bfc062723c751e8b465ee728b)
Start importing Assets/prefabs/player/Player-SOCCER2.prefab using Guid(577b5930f93d45becad8821ba6655e81) Importer(815301076,1909f56bfc062723c751e8b465ee728b)  -> (artifact id: '8684aec1305c2147a9f8587358c74152') in 0,020741 seconds
  Import took 0,029432 seconds .

========================================================================
Received Import Request.
  Time since last request: 17,512173 seconds.
  path: Assets/prefabs/player/Player-SOCCER.prefab
  artifactKey: Guid(67133aad7775d37e6bd16e429c25fffb) Importer(815301076,1909f56bfc062723c751e8b465ee728b)
Start importing Assets/prefabs/player/Player-SOCCER.prefab using Guid(67133aad7775d37e6bd16e429c25fffb) Importer(815301076,1909f56bfc062723c751e8b465ee728b)  -> (artifact id: '89871099596519d354242296da46807b') in 0,018683 seconds
  Import took 0,031236 seconds .

========================================================================
Received Import Request.
  Time since last request: 0,000318 seconds.
  path: Assets/prefabs/player/Player-SOCCER2.prefab
  artifactKey: Guid(577b5930f93d45becad8821ba6655e81) Importer(815301076,1909f56bfc062723c751e8b465ee728b)
Start importing Assets/prefabs/player/Player-SOCCER2.prefab using Guid(577b5930f93d45becad8821ba6655e81) Importer(815301076,1909f56bfc062723c751e8b465ee728b)  -> (artifact id: '8f95070e5ae553f288d12d11fe7d53a0') in 0,014736 seconds
  Import took 0,024991 seconds .

========================================================================
Received Import Request.
  Time since last request: 12,912363 seconds.
  path: Assets/prefabs/player/Player-SOCCER.prefab
  artifactKey: Guid(67133aad7775d37e6bd16e429c25fffb) Importer(815301076,1909f56bfc062723c751e8b465ee728b)
Start importing Assets/prefabs/player/Player-SOCCER.prefab using Guid(67133aad7775d37e6bd16e429c25fffb) Importer(815301076,1909f56bfc062723c751e8b465ee728b)  -> (artifact id: 'f3f078ba5cdfc702e5c2c49b1c860d82') in 0,019629 seconds
  Import took 0,030038 seconds .

========================================================================
Received Import Request.
  Time since last request: 0,000262 seconds.
  path: Assets/prefabs/player/Player-SOCCER2.prefab
  artifactKey: Guid(577b5930f93d45becad8821ba6655e81) Importer(815301076,1909f56bfc062723c751e8b465ee728b)
Start importing Assets/prefabs/player/Player-SOCCER2.prefab using Guid(577b5930f93d45becad8821ba6655e81) Importer(815301076,1909f56bfc062723c751e8b465ee728b)  -> (artifact id: 'c319a85a5197f5fded5973ea08f5a525') in 0,014219 seconds
  Import took 0,032858 seconds .

========================================================================
Received Import Request.
  Time since last request: 6,347452 seconds.
  path: Assets/prefabs/player/Player-SOCCER2.prefab
  artifactKey: Guid(577b5930f93d45becad8821ba6655e81) Importer(815301076,1909f56bfc062723c751e8b465ee728b)
Start importing Assets/prefabs/player/Player-SOCCER2.prefab using Guid(577b5930f93d45becad8821ba6655e81) Importer(815301076,1909f56bfc062723c751e8b465ee728b)  -> (artifact id: 'd671a2dfd5fad903edaa0e46d43980af') in 0,016589 seconds
  Import took 0,025939 seconds .

========================================================================
Received Prepare
Registering precompiled user dll's ...
Registered in 0,004549 seconds.
Begin MonoManager ReloadAssembly
Native extension for LinuxStandalone target not found
Refreshing native plugins compatible for Editor in 1,22 ms, found 0 plugins.
Preloading 0 native plugins for Editor in 0,00 ms.
Mono: successfully reloaded assembly
- Completed reload, in  2,113 seconds
Platform modules already initialized, skipping
Shader 'Universal Render Pipeline/Particles/Lit': fallback shader 'Universal Render Pipeline/Particles/SimpleLit' not found
Refreshing native plugins compatible for Editor in 1,10 ms, found 0 plugins.
Preloading 0 native plugins for Editor in 0,00 ms.
Unloading 2869 Unused Serialized files (Serialized files now loaded: 0)
System memory in use before: 122,4 MB.
System memory in use after: 122,4 MB.

Unloading 27 unused Assets to reduce memory usage. Loaded Objects now: 3501.
Total: 7,690384 ms (FindLiveObjects: 0,531455 ms CreateObjectMapping: 0,199834 ms MarkObjects: 6,528915 ms  DeleteObjects: 0,426922 ms)

========================================================================
Received Prepare
Registering precompiled user dll's ...
Registered in 0,004429 seconds.
Begin MonoManager ReloadAssembly
Native extension for LinuxStandalone target not found
Refreshing native plugins compatible for Editor in 1,11 ms, found 0 plugins.
Preloading 0 native plugins for Editor in 0,00 ms.
Mono: successfully reloaded assembly
- Completed reload, in  2,365 seconds
Platform modules already initialized, skipping
Shader 'Universal Render Pipeline/Particles/Lit': fallback shader 'Universal Render Pipeline/Particles/SimpleLit' not found
Refreshing native plugins compatible for Editor in 1,13 ms, found 0 plugins.
Preloading 0 native plugins for Editor in 0,00 ms.
Unloading 2869 Unused Serialized files (Serialized files now loaded: 0)
System memory in use before: 122,4 MB.
System memory in use after: 122,4 MB.

Unloading 23 unused Assets to reduce memory usage. Loaded Objects now: 3504.
Total: 6,383383 ms (FindLiveObjects: 0,600973 ms CreateObjectMapping: 0,185267 ms MarkObjects: 5,273634 ms  DeleteObjects: 0,320143 ms)

========================================================================
Received Prepare
Registering precompiled user dll's ...
Registered in 0,006192 seconds.
Begin MonoManager ReloadAssembly
Native extension for LinuxStandalone target not found
Refreshing native plugins compatible for Editor in 1,12 ms, found 0 plugins.
Preloading 0 native plugins for Editor in 0,00 ms.
Mono: successfully reloaded assembly
- Completed reload, in  1,958 seconds
Platform modules already initialized, skipping
Shader 'Universal Render Pipeline/Particles/Lit': fallback shader 'Universal Render Pipeline/Particles/SimpleLit' not found
Refreshing native plugins compatible for Editor in 1,15 ms, found 0 plugins.
Preloading 0 native plugins for Editor in 0,00 ms.
Unloading 2869 Unused Serialized files (Serialized files now loaded: 0)
System memory in use before: 122,4 MB.
System memory in use after: 122,4 MB.

Unloading 23 unused Assets to reduce memory usage. Loaded Objects now: 3507.
Total: 7,233933 ms (FindLiveObjects: 0,562828 ms CreateObjectMapping: 0,216627 ms MarkObjects: 6,119086 ms  DeleteObjects: 0,332101 ms)

========================================================================
Received Prepare
Registering precompiled user dll's ...
Registered in 0,004922 seconds.
Begin MonoManager ReloadAssembly
Native extension for LinuxStandalone target not found
Refreshing native plugins compatible for Editor in 1,18 ms, found 0 plugins.
Preloading 0 native plugins for Editor in 0,00 ms.
Mono: successfully reloaded assembly
- Completed reload, in  2,402 seconds
Platform modules already initialized, skipping
Shader 'Universal Render Pipeline/Particles/Lit': fallback shader 'Universal Render Pipeline/Particles/SimpleLit' not found
Refreshing native plugins compatible for Editor in 1,58 ms, found 0 plugins.
Preloading 0 native plugins for Editor in 0,00 ms.
Unloading 2869 Unused Serialized files (Serialized files now loaded: 0)
System memory in use before: 122,5 MB.
System memory in use after: 122,5 MB.

Unloading 23 unused Assets to reduce memory usage. Loaded Objects now: 3510.
Total: 7,122171 ms (FindLiveObjects: 0,536718 ms CreateObjectMapping: 0,189050 ms MarkObjects: 5,951376 ms  DeleteObjects: 0,441637 ms)

========================================================================
Received Prepare
Registering precompiled user dll's ...
Registered in 0,004797 seconds.
Begin MonoManager ReloadAssembly
Native extension for LinuxStandalone target not found
Refreshing native plugins compatible for Editor in 1,09 ms, found 0 plugins.
Preloading 0 native plugins for Editor in 0,00 ms.
Mono: successfully reloaded assembly
- Completed reload, in  2,241 seconds
Platform modules already initialized, skipping
Shader 'Universal Render Pipeline/Particles/Lit': fallback shader 'Universal Render Pipeline/Particles/SimpleLit' not found
Refreshing native plugins compatible for Editor in 1,15 ms, found 0 plugins.
Preloading 0 native plugins for Editor in 0,00 ms.
Unloading 2869 Unused Serialized files (Serialized files now loaded: 0)
System memory in use before: 122,5 MB.
System memory in use after: 122,5 MB.

Unloading 23 unused Assets to reduce memory usage. Loaded Objects now: 3513.
Total: 6,549040 ms (FindLiveObjects: 0,525697 ms CreateObjectMapping: 0,180659 ms MarkObjects: 5,485909 ms  DeleteObjects: 0,353026 ms)

========================================================================
Received Prepare
Registering precompiled user dll's ...
Registered in 0,005977 seconds.
Begin MonoManager ReloadAssembly
Native extension for LinuxStandalone target not found
Refreshing native plugins compatible for Editor in 1,11 ms, found 0 plugins.
Preloading 0 native plugins for Editor in 0,00 ms.
Mono: successfully reloaded assembly
- Completed reload, in  2,550 seconds
Platform modules already initialized, skipping
Shader 'Universal Render Pipeline/Particles/Lit': fallback shader 'Universal Render Pipeline/Particles/SimpleLit' not found
Refreshing native plugins compatible for Editor in 1,10 ms, found 0 plugins.
Preloading 0 native plugins for Editor in 0,00 ms.
Unloading 2869 Unused Serialized files (Serialized files now loaded: 0)
System memory in use before: 122,5 MB.
System memory in use after: 122,5 MB.

Unloading 23 unused Assets to reduce memory usage. Loaded Objects now: 3516.
Total: 6,568263 ms (FindLiveObjects: 0,762341 ms CreateObjectMapping: 0,183674 ms MarkObjects: 5,258472 ms  DeleteObjects: 0,360290 ms)

========================================================================
Received Prepare
Registering precompiled user dll's ...
Registered in 0,004599 seconds.
Begin MonoManager ReloadAssembly
Native extension for LinuxStandalone target not found
Refreshing native plugins compatible for Editor in 1,18 ms, found 0 plugins.
Preloading 0 native plugins for Editor in 0,00 ms.
Mono: successfully reloaded assembly
- Completed reload, in  2,246 seconds
Platform modules already initialized, skipping
Shader 'Universal Render Pipeline/Particles/Lit': fallback shader 'Universal Render Pipeline/Particles/SimpleLit' not found
Refreshing native plugins compatible for Editor in 1,53 ms, found 0 plugins.
Preloading 0 native plugins for Editor in 0,00 ms.
Unloading 2869 Unused Serialized files (Serialized files now loaded: 0)
System memory in use before: 122,6 MB.
System memory in use after: 122,6 MB.

Unloading 23 unused Assets to reduce memory usage. Loaded Objects now: 3519.
Total: 9,365132 ms (FindLiveObjects: 0,946231 ms CreateObjectMapping: 0,227757 ms MarkObjects: 7,681770 ms  DeleteObjects: 0,506314 ms)

========================================================================
Received Prepare
Registering precompiled user dll's ...
Registered in 0,004479 seconds.
Begin MonoManager ReloadAssembly
Native extension for LinuxStandalone target not found
Refreshing native plugins compatible for Editor in 1,24 ms, found 0 plugins.
Preloading 0 native plugins for Editor in 0,00 ms.
Mono: successfully reloaded assembly
- Completed reload, in  2,536 seconds
Platform modules already initialized, skipping
Shader 'Universal Render Pipeline/Particles/Lit': fallback shader 'Universal Render Pipeline/Particles/SimpleLit' not found
Refreshing native plugins compatible for Editor in 1,18 ms, found 0 plugins.
Preloading 0 native plugins for Editor in 0,00 ms.
Unloading 2869 Unused Serialized files (Serialized files now loaded: 0)
System memory in use before: 122,6 MB.
System memory in use after: 122,6 MB.

Unloading 23 unused Assets to reduce memory usage. Loaded Objects now: 3522.
Total: 8,467314 ms (FindLiveObjects: 0,651207 ms CreateObjectMapping: 0,216939 ms MarkObjects: 7,252615 ms  DeleteObjects: 0,343754 ms)

========================================================================
Received Prepare
Registering precompiled user dll's ...
Registered in 0,004371 seconds.
Begin MonoManager ReloadAssembly
Native extension for LinuxStandalone target not found
Refreshing native plugins compatible for Editor in 1,10 ms, found 0 plugins.
Preloading 0 native plugins for Editor in 0,00 ms.
Mono: successfully reloaded assembly
- Completed reload, in  2,250 seconds
Platform modules already initialized, skipping
Shader 'Universal Render Pipeline/Particles/Lit': fallback shader 'Universal Render Pipeline/Particles/SimpleLit' not found
Refreshing native plugins compatible for Editor in 1,34 ms, found 0 plugins.
Preloading 0 native plugins for Editor in 0,00 ms.
Unloading 2869 Unused Serialized files (Serialized files now loaded: 0)
System memory in use before: 122,6 MB.
System memory in use after: 122,6 MB.

Unloading 23 unused Assets to reduce memory usage. Loaded Objects now: 3525.
Total: 6,384931 ms (FindLiveObjects: 0,548427 ms CreateObjectMapping: 0,179620 ms MarkObjects: 5,245937 ms  DeleteObjects: 0,406989 ms)

========================================================================
Received Prepare
Registering precompiled user dll's ...
Registered in 0,006790 seconds.
Begin MonoManager ReloadAssembly
Native extension for LinuxStandalone target not found
Refreshing native plugins compatible for Editor in 1,12 ms, found 0 plugins.
Preloading 0 native plugins for Editor in 0,00 ms.
Mono: successfully reloaded assembly
- Completed reload, in  2,085 seconds
Platform modules already initialized, skipping
Shader 'Universal Render Pipeline/Particles/Lit': fallback shader 'Universal Render Pipeline/Particles/SimpleLit' not found
Refreshing native plugins compatible for Editor in 1,21 ms, found 0 plugins.
Preloading 0 native plugins for Editor in 0,00 ms.
Unloading 2869 Unused Serialized files (Serialized files now loaded: 0)
System memory in use before: 122,6 MB.
System memory in use after: 122,6 MB.

Unloading 23 unused Assets to reduce memory usage. Loaded Objects now: 3528.
Total: 9,153314 ms (FindLiveObjects: 0,907931 ms CreateObjectMapping: 0,235090 ms MarkObjects: 7,490695 ms  DeleteObjects: 0,516538 ms)

========================================================================
Received Prepare
Registering precompiled user dll's ...
Registered in 0,006705 seconds.
Begin MonoManager ReloadAssembly
Native extension for LinuxStandalone target not found
Refreshing native plugins compatible for Editor in 1,46 ms, found 0 plugins.
Preloading 0 native plugins for Editor in 0,00 ms.
Mono: successfully reloaded assembly
- Completed reload, in  2,375 seconds
Platform modules already initialized, skipping
Shader 'Universal Render Pipeline/Particles/Lit': fallback shader 'Universal Render Pipeline/Particles/SimpleLit' not found
Refreshing native plugins compatible for Editor in 1,55 ms, found 0 plugins.
Preloading 0 native plugins for Editor in 0,00 ms.
Unloading 2869 Unused Serialized files (Serialized files now loaded: 0)
System memory in use before: 122,7 MB.
System memory in use after: 122,7 MB.

Unloading 23 unused Assets to reduce memory usage. Loaded Objects now: 3531.
Total: 9,783368 ms (FindLiveObjects: 1,014863 ms CreateObjectMapping: 0,230027 ms MarkObjects: 8,015450 ms  DeleteObjects: 0,519253 ms)

========================================================================
Received Prepare
Registering precompiled user dll's ...
Registered in 0,004439 seconds.
Begin MonoManager ReloadAssembly
Native extension for LinuxStandalone target not found
Refreshing native plugins compatible for Editor in 1,83 ms, found 0 plugins.
Preloading 0 native plugins for Editor in 0,00 ms.
Mono: successfully reloaded assembly
- Completed reload, in  2,073 seconds
Platform modules already initialized, skipping
Shader 'Universal Render Pipeline/Particles/Lit': fallback shader 'Universal Render Pipeline/Particles/SimpleLit' not found
Refreshing native plugins compatible for Editor in 1,12 ms, found 0 plugins.
Preloading 0 native plugins for Editor in 0,00 ms.
Unloading 2869 Unused Serialized files (Serialized files now loaded: 0)
System memory in use before: 122,7 MB.
System memory in use after: 122,7 MB.

Unloading 23 unused Assets to reduce memory usage. Loaded Objects now: 3534.
Total: 6,788619 ms (FindLiveObjects: 0,545295 ms CreateObjectMapping: 0,207608 ms MarkObjects: 5,658345 ms  DeleteObjects: 0,374584 ms)

========================================================================
Received Import Request.
  Time since last request: 1353,101990 seconds.
  path: Assets/Sounds/DM.jpg
  artifactKey: Guid(1b7db38dbf6b91c929ed9060c1c9c399) Importer(815301076,1909f56bfc062723c751e8b465ee728b)
Start importing Assets/Sounds/DM.jpg using Guid(1b7db38dbf6b91c929ed9060c1c9c399) Importer(815301076,1909f56bfc062723c751e8b465ee728b)  -> (artifact id: 'e541d6d1c946ed4755e3974f467105c4') in 0,116571 seconds
  Import took 0,147911 seconds .

========================================================================
Received Import Request.
  Time since last request: 0,000380 seconds.
  path: Assets/Texturas/UI/cursorGauntlet_bronze.png
  artifactKey: Guid(4b3ec4eadd42e440aa28d9684328aee0) Importer(815301076,1909f56bfc062723c751e8b465ee728b)
Start importing Assets/Texturas/UI/cursorGauntlet_bronze.png using Guid(4b3ec4eadd42e440aa28d9684328aee0) Importer(815301076,1909f56bfc062723c751e8b465ee728b)  -> (artifact id: '485a01b45f5dc32e680ebde5f644c42d') in 0,006515 seconds
  Import took 0,022743 seconds .

========================================================================
Received Import Request.
  Time since last request: 0,000360 seconds.
  path: Assets/Sounds/DM.jpg
  artifactKey: Guid(1b7db38dbf6b91c929ed9060c1c9c399) Importer(815301076,1909f56bfc062723c751e8b465ee728b)
Start importing Assets/Sounds/DM.jpg using Guid(1b7db38dbf6b91c929ed9060c1c9c399) Importer(815301076,1909f56bfc062723c751e8b465ee728b)  -> (artifact id: 'e541d6d1c946ed4755e3974f467105c4') in 0,009084 seconds
  Import took 0,018110 seconds .

========================================================================
Received Import Request.
  Time since last request: 0,000496 seconds.
  path: Assets/Texturas/UI/cursorGauntlet_bronze.png
  artifactKey: Guid(4b3ec4eadd42e440aa28d9684328aee0) Importer(815301076,1909f56bfc062723c751e8b465ee728b)
Start importing Assets/Texturas/UI/cursorGauntlet_bronze.png using Guid(4b3ec4eadd42e440aa28d9684328aee0) Importer(815301076,1909f56bfc062723c751e8b465ee728b)  -> (artifact id: '485a01b45f5dc32e680ebde5f644c42d') in 0,004338 seconds
  Import took 0,013461 seconds .

AssetImportWorkerClient::OnTransportError - code=2 error=End of file
