Using pre-set license
Desktop is 1440 x 900 @ 60 Hz

 COMMAND LINE ARGUMENTS:
Unity
-adb2
-batchMode
-noUpm
-name
AssetImportWorker10
-projectPath
/home/victor/UnityP/CoinCollectorURP
-logFile
Logs/AssetImportWorker10.log
-srvPort
36395
Successfully changed project path to: /home/victor/UnityP/CoinCollectorURP
/home/victor/UnityP/CoinCollectorURP
Using Asset Import Pipeline V2.
Refreshing native plugins compatible for Editor in 112,14 ms, found 0 plugins.
Preloading 0 native plugins for Editor in 0,00 ms.
Initialize engine version: 2020.3.11f1 (99c7afb366b3)
[Subsystems] Discovering subsystems at path /home/victor/Unity/Hub/Editor/2020.3.11f1/Editor/Data/Resources/UnitySubsystems
[Subsystems] Discovering subsystems at path /home/victor/UnityP/CoinCollectorURP/Assets
GLX Extensions: GLX_ARB_create_context GLX_ARB_create_context_no_error GLX_ARB_create_context_profile GLX_ARB_create_context_robustness GLX_ARB_fbconfig_float GLX_ARB_framebuffer_sRGB GLX_ARB_get_proc_address GLX_ARB_multisample GLX_EXT_buffer_age GLX_EXT_create_context_es2_profile GLX_EXT_create_context_es_profile GLX_EXT_fbconfig_packed_float GLX_EXT_framebuffer_sRGB GLX_EXT_import_context GLX_EXT_swap_control GLX_EXT_swap_control_tear GLX_EXT_texture_from_pixmap GLX_EXT_visual_info GLX_EXT_visual_rating GLX_INTEL_swap_event GLX_MESA_copy_sub_buffer GLX_MESA_query_renderer GLX_MESA_swap_control GLX_OML_swap_method GLX_OML_sync_control GLX_SGIS_multisample GLX_SGIX_fbconfig GLX_SGIX_pbuffer GLX_SGIX_visual_select_group GLX_SGI_make_current_read GLX_SGI_swap_control GLX_SGI_video_sync 
Renderer: AMD TURKS (DRM 2.50.0 / 5.11.0-18-lowlatency, LLVM 11.0.1)
Vendor:   X.Org
Version:  3.3 (Core Profile) Mesa 21.0.1
GLES:     0
 GL_AMD_conservative_depth GL_AMD_depth_clamp_separate GL_AMD_draw_buffers_blend GL_AMD_multi_draw_indirect GL_AMD_performance_monitor GL_AMD_pinned_memory GL_AMD_query_buffer_object GL_AMD_seamless_cubemap_per_texture GL_AMD_shader_stencil_export GL_AMD_shader_trinary_minmax GL_AMD_texture_texture4 GL_AMD_vertex_shader_layer GL_AMD_vertex_shader_viewport_index GL_ANGLE_texture_compression_dxt3 GL_ANGLE_texture_compression_dxt5 GL_ARB_ES2_compatibility GL_ARB_ES3_1_compatibility GL_ARB_ES3_2_compatibility GL_ARB_ES3_compatibility GL_ARB_arrays_of_arrays GL_ARB_base_instance GL_ARB_blend_func_extended GL_ARB_buffer_storage GL_ARB_clear_buffer_object GL_ARB_clear_texture GL_ARB_clip_control GL_ARB_compressed_texture_pixel_storage GL_ARB_compute_shader GL_ARB_conditional_render_inverted GL_ARB_conservative_depth GL_ARB_copy_buffer GL_ARB_copy_image GL_ARB_cull_distance GL_ARB_debug_output GL_ARB_depth_buffer_float GL_ARB_depth_clamp GL_ARB_derivative_control GL_ARB_direct_state_access GL_ARB_draw_buffers GL_ARB
_draw_buffers_blend GL_ARB_draw_elements_base_vertex GL_ARB_draw_indirect GL_ARB_draw_instanced GL_ARB_enhanced_layouts GL_ARB_explicit_attrib_location GL_ARB_explicit_uniform_location GL_ARB_fragment_coord_conventions GL_ARB_fragment_layer_viewport GL_ARB_fragment_shader GL_ARB_framebuffer_no_attachments GL_ARB_framebuffer_object GL_ARB_framebuffer_sRGB GL_ARB_get_program_binary GL_ARB_get_texture_sub_image GL_ARB_gpu_shader5 GL_ARB_half_float_pixel GL_ARB_half_float_vertex GL_ARB_instanced_arrays GL_ARB_internalformat_query GL_ARB_internalformat_query2 GL_ARB_invalidate_subdata GL_ARB_map_buffer_alignment GL_ARB_map_buffer_range GL_ARB_multi_bind GL_ARB_multi_draw_indirect GL_ARB_occlusion_query2 GL_ARB_parallel_shader_compile GL_ARB_pipeline_statistics_query GL_ARB_pixel_buffer_object GL_ARB_point_sprite GL_ARB_polygon_offset_clamp GL_ARB_program_interface_query GL_ARB_provoking_vertex GL_ARB_query_buffer_object GL_ARB_robust_buffer_access_behavior GL_ARB_robustness GL_ARB_sample_shading GL_ARB_sampler_ob
jects GL_ARB_seamless_cube_map GL_ARB_seamless_cubemap_per_texture GL_ARB_separate_shader_objects GL_ARB_shader_atomic_counter_ops GL_ARB_shader_atomic_counters GL_ARB_shader_bit_encoding GL_ARB_shader_clock GL_ARB_shader_image_load_store GL_ARB_shader_image_size GL_ARB_shader_objects GL_ARB_shader_precision GL_ARB_shader_stencil_export GL_ARB_shader_storage_buffer_object GL_ARB_shader_subroutine GL_ARB_shader_texture_image_samples GL_ARB_shader_texture_lod GL_ARB_shading_language_420pack GL_ARB_shading_language_include GL_ARB_shading_language_packing GL_ARB_stencil_texturing GL_ARB_sync GL_ARB_tessellation_shader GL_ARB_texture_barrier GL_ARB_texture_buffer_object GL_ARB_texture_buffer_object_rgb32 GL_ARB_texture_buffer_range GL_ARB_texture_compression_bptc GL_ARB_texture_compression_rgtc GL_ARB_texture_cube_map_array GL_ARB_texture_filter_anisotropic GL_ARB_texture_float GL_ARB_texture_gather GL_ARB_texture_mirror_clamp_to_edge GL_ARB_texture_multisample GL_ARB_texture_non_power_of_two GL_ARB_texture_query
_levels GL_ARB_texture_query_lod GL_ARB_texture_rectangle GL_ARB_texture_rg GL_ARB_texture_rgb10_a2ui GL_ARB_texture_stencil8 GL_ARB_texture_storage GL_ARB_texture_storage_multisample GL_ARB_texture_swizzle GL_ARB_texture_view GL_ARB_timer_query GL_ARB_transform_feedback2 GL_ARB_transform_feedback3 GL_ARB_transform_feedback_instanced GL_ARB_uniform_buffer_object GL_ARB_vertex_array_bgra GL_ARB_vertex_array_object GL_ARB_vertex_attrib_binding GL_ARB_vertex_buffer_object GL_ARB_vertex_shader GL_ARB_vertex_type_10f_11f_11f_rev GL_ARB_vertex_type_2_10_10_10_rev GL_ARB_viewport_array GL_ATI_blend_equation_separate GL_ATI_meminfo GL_ATI_texture_float GL_ATI_texture_mirror_once GL_EXT_EGL_image_storage GL_EXT_EGL_sync GL_EXT_abgr GL_EXT_blend_equation_separate GL_EXT_draw_buffers2 GL_EXT_draw_instanced GL_EXT_framebuffer_blit GL_EXT_framebuffer_multisample GL_EXT_framebuffer_multisample_blit_scaled GL_EXT_framebuffer_object GL_EXT_framebuffer_sRGB GL_EXT_packed_depth_stencil GL_EXT_packed_float GL_EXT_pixel_buffer_
object GL_EXT_polygon_offset_clamp GL_EXT_provoking_vertex GL_EXT_shader_integer_mix GL_EXT_texture_array GL_EXT_texture_compression_dxt1 GL_EXT_texture_compression_rgtc GL_EXT_texture_compression_s3tc GL_EXT_texture_filter_anisotropic GL_EXT_texture_integer GL_EXT_texture_mirror_clamp GL_EXT_texture_sRGB GL_EXT_texture_sRGB_R8 GL_EXT_texture_sRGB_decode GL_EXT_texture_shared_exponent GL_EXT_texture_snorm GL_EXT_texture_swizzle GL_EXT_timer_query GL_EXT_transform_feedback GL_EXT_vertex_array_bgra GL_IBM_multimode_draw_arrays GL_KHR_context_flush_control GL_KHR_debug GL_KHR_no_error GL_KHR_parallel_shader_compile GL_KHR_robust_buffer_access_behavior GL_KHR_robustness GL_KHR_texture_compression_astc_ldr GL_KHR_texture_compression_astc_sliced_3d GL_MESA_pack_invert GL_MESA_shader_integer_functions GL_MESA_texture_signed_rgba GL_NVX_gpu_memory_info GL_NV_conditional_render GL_NV_copy_image GL_NV_depth_clamp GL_NV_packed_depth_stencil GL_NV_texture_barrier GL_NV_vdpau_interop GL_OES_EGL_image GL_S3_s3tc
OPENGL LOG: Creating OpenGL 3.3 graphics device ; Context level  <OpenGL 3.3> ; Context handle -1018131952
Shader 'Universal Render Pipeline/Particles/Lit': fallback shader 'Universal Render Pipeline/Particles/SimpleLit' not found
Initialize mono
Mono path[0] = '/home/victor/Unity/Hub/Editor/2020.3.11f1/Editor/Data/Managed'
Mono path[1] = '/home/victor/Unity/Hub/Editor/2020.3.11f1/Editor/Data/MonoBleedingEdge/lib/mono/unityjit'
Mono config path = '/home/victor/Unity/Hub/Editor/2020.3.11f1/Editor/Data/MonoBleedingEdge/etc'
Using monoOptions --debugger-agent=transport=dt_socket,embedding=1,server=y,suspend=n,address=127.0.0.1:56188
Begin MonoManager ReloadAssembly
Registering precompiled unity dll's ...
Register platform support module: /home/victor/Unity/Hub/Editor/2020.3.11f1/Editor/Data/PlaybackEngines/WebGLSupport/UnityEditor.WebGL.Extensions.dll
Register platform support module: /home/victor/Unity/Hub/Editor/2020.3.11f1/Editor/Data/PlaybackEngines/WindowsStandaloneSupport/UnityEditor.WindowsStandalone.Extensions.dll
Register platform support module: /home/victor/Unity/Hub/Editor/2020.3.11f1/Editor/Data/PlaybackEngines/LinuxStandaloneSupport/UnityEditor.LinuxStandalone.Extensions.dll
Registered in 0,002676 seconds.
Native extension for LinuxStandalone target not found
Native extension for WindowsStandalone target not found
Native extension for WebGL target not found
Refreshing native plugins compatible for Editor in 114,00 ms, found 0 plugins.
Preloading 0 native plugins for Editor in 0,00 ms.
Mono: successfully reloaded assembly
- Completed reload, in  2,939 seconds
Platform modules already initialized, skipping
Registering precompiled user dll's ...
Registered in 0,004221 seconds.
Begin MonoManager ReloadAssembly
Native extension for LinuxStandalone target not found
Native extension for WindowsStandalone target not found
Native extension for WebGL target not found
Refreshing native plugins compatible for Editor in 104,01 ms, found 0 plugins.
Preloading 0 native plugins for Editor in 0,00 ms.
Mono: successfully reloaded assembly
- Completed reload, in  2,525 seconds
Platform modules already initialized, skipping
========================================================================
Worker process is ready to serve import requests
Switching build target platform(20) subTarget(589825) extendedPlatform(0) -> platform(20) subTarget(524289) extendedPlatform(0)
Shader 'Universal Render Pipeline/Particles/Lit': fallback shader 'Universal Render Pipeline/Particles/SimpleLit' not found
Launched and connected shader compiler UnityShaderCompiler after 0.02 seconds
Refreshing native plugins compatible for Editor in 1,57 ms, found 0 plugins.
Preloading 0 native plugins for Editor in 0,00 ms.
Unloading 3013 Unused Serialized files (Serialized files now loaded: 0)
System memory in use before: 129,6 MB.
System memory in use after: 129,6 MB.

Unloading 32 unused Assets to reduce memory usage. Loaded Objects now: 3445.
Total: 34,602283 ms (FindLiveObjects: 0,728333 ms CreateObjectMapping: 0,239468 ms MarkObjects: 6,359371 ms  DeleteObjects: 27,271597 ms)

AssetImportParameters requested are different than current active one (requested -> active):
  buildTarget: platform 20, subtarget 524289, extendedPlatform 0 -> platform 20, subtarget 589825, extendedPlatform 0
  graphicsApiMask: 2048 -> 2304
========================================================================
Received Import Request.
  path: Assets/Texturas/UI/cursorGauntlet_bronze.png
  artifactKey: Guid(4b3ec4eadd42e440aa28d9684328aee0) Importer(815301076,1909f56bfc062723c751e8b465ee728b)
Start importing Assets/Texturas/UI/cursorGauntlet_bronze.png using Guid(4b3ec4eadd42e440aa28d9684328aee0) Importer(815301076,1909f56bfc062723c751e8b465ee728b)  -> (artifact id: '03044aead6673b5afdd0a375c70b01d4') in 0,103306 seconds
  Import took 0,136345 seconds .

========================================================================
Received Import Request.
  Time since last request: 0,000429 seconds.
  path: Assets/Sounds/DM.jpg
  artifactKey: Guid(1b7db38dbf6b91c929ed9060c1c9c399) Importer(815301076,1909f56bfc062723c751e8b465ee728b)
Start importing Assets/Sounds/DM.jpg using Guid(1b7db38dbf6b91c929ed9060c1c9c399) Importer(815301076,1909f56bfc062723c751e8b465ee728b)  -> (artifact id: 'bd4a3d6aac9b02c397e86f7d852768b6') in 0,202868 seconds
  Import took 0,216100 seconds .

========================================================================
Received Prepare
Shader 'Universal Render Pipeline/Particles/Lit': fallback shader 'Universal Render Pipeline/Particles/SimpleLit' not found
Refreshing native plugins compatible for Editor in 7,31 ms, found 0 plugins.
Preloading 0 native plugins for Editor in 0,00 ms.
Unloading 21 Unused Serialized files (Serialized files now loaded: 0)
System memory in use before: 64,2 MB.
System memory in use after: 64,2 MB.

Unloading 21 unused Assets to reduce memory usage. Loaded Objects now: 3452.
Total: 7,328184 ms (FindLiveObjects: 0,908317 ms CreateObjectMapping: 0,224112 ms MarkObjects: 5,883428 ms  DeleteObjects: 0,309764 ms)

========================================================================
Received Import Request.
  Time since last request: 592,256644 seconds.
  path: Assets/Texturas/gold-coin.png
  artifactKey: Guid(f4f3b3bca160c471d8ebc805995c67fd) Importer(815301076,1909f56bfc062723c751e8b465ee728b)
Start importing Assets/Texturas/gold-coin.png using Guid(f4f3b3bca160c471d8ebc805995c67fd) Importer(815301076,1909f56bfc062723c751e8b465ee728b)  -> (artifact id: '81edc39bac9cb32690b318342020245f') in 0,113719 seconds
  Import took 0,126070 seconds .

========================================================================
Received Import Request.
  Time since last request: 0,000288 seconds.
  path: Assets/Texturas/red-heart-png.psd
  artifactKey: Guid(0b9045692341828fdb0bdfe181dc0a6b) Importer(815301076,1909f56bfc062723c751e8b465ee728b)
Start importing Assets/Texturas/red-heart-png.psd using Guid(0b9045692341828fdb0bdfe181dc0a6b) Importer(815301076,1909f56bfc062723c751e8b465ee728b)  -> (artifact id: 'c5dd2eb517d01f6ff0d71ea28b645bc5') in 0,011978 seconds
  Import took 0,023698 seconds .

========================================================================
Received Import Request.
  Time since last request: 0,000316 seconds.
  path: Assets/Texturas/suelo_metallic.png
  artifactKey: Guid(1e49f7612ed5d75f3a289cde71dea5eb) Importer(815301076,1909f56bfc062723c751e8b465ee728b)
Start importing Assets/Texturas/suelo_metallic.png using Guid(1e49f7612ed5d75f3a289cde71dea5eb) Importer(815301076,1909f56bfc062723c751e8b465ee728b)  -> (artifact id: '1ba9a7c782cc9febf8e6ebce68a12e3a') in 0,031051 seconds
  Import took 0,063580 seconds .

========================================================================
Received Import Request.
  Time since last request: 0,000279 seconds.
  path: Assets/Texturas/SOCCER_Ball_DIFF.tga
  artifactKey: Guid(5d77c465cfa8d25488422000c870b10f) Importer(815301076,1909f56bfc062723c751e8b465ee728b)
Start importing Assets/Texturas/SOCCER_Ball_DIFF.tga using Guid(5d77c465cfa8d25488422000c870b10f) Importer(815301076,1909f56bfc062723c751e8b465ee728b)  -> (artifact id: 'ce932de7b19c5c56742962080d8f7682') in 0,026127 seconds
  Import took 0,036757 seconds .

========================================================================
Received Import Request.
  Time since last request: 0,000293 seconds.
  path: Assets/Texturas/Level01.png
  artifactKey: Guid(05677063d557507dabfeb1d2f637edd1) Importer(815301076,1909f56bfc062723c751e8b465ee728b)
Start importing Assets/Texturas/Level01.png using Guid(05677063d557507dabfeb1d2f637edd1) Importer(815301076,1909f56bfc062723c751e8b465ee728b)  -> (artifact id: 'c6152206d8d3b4112aaa855f87500638') in 0,095188 seconds
  Import took 0,171136 seconds .

========================================================================
Received Import Request.
  Time since last request: 0,000329 seconds.
  path: Assets/Texturas/ladrilllo.png
  artifactKey: Guid(e25430e6d1b9e74949aa09a2d9b2dfbc) Importer(815301076,1909f56bfc062723c751e8b465ee728b)
Start importing Assets/Texturas/ladrilllo.png using Guid(e25430e6d1b9e74949aa09a2d9b2dfbc) Importer(815301076,1909f56bfc062723c751e8b465ee728b)  -> (artifact id: '2083b160c6beae0dc113d767242dacc4') in 0,084024 seconds
  Import took 0,120849 seconds .

========================================================================
Received Import Request.
  Time since last request: 0,000401 seconds.
  path: Assets/Texturas/suelo_basecolor.png
  artifactKey: Guid(804a102c6ea16335385740b3f3a4199d) Importer(815301076,1909f56bfc062723c751e8b465ee728b)
Start importing Assets/Texturas/suelo_basecolor.png using Guid(804a102c6ea16335385740b3f3a4199d) Importer(815301076,1909f56bfc062723c751e8b465ee728b)  -> (artifact id: '7c13442bcf35afd5dca53b0864b13a4b') in 0,038758 seconds
  Import took 0,080041 seconds .

========================================================================
Received Import Request.
  Time since last request: 0,000340 seconds.
  path: Assets/Texturas/SOCCER_Ball_NORM.tga
  artifactKey: Guid(5a21d1bbfdb2796438311ca15fc5b38f) Importer(815301076,1909f56bfc062723c751e8b465ee728b)
Start importing Assets/Texturas/SOCCER_Ball_NORM.tga using Guid(5a21d1bbfdb2796438311ca15fc5b38f) Importer(815301076,1909f56bfc062723c751e8b465ee728b)  -> (artifact id: '6db5c5204809f4e7b687f5f870307d9b') in 0,109925 seconds
  Import took 0,119938 seconds .

========================================================================
Received Import Request.
  Time since last request: 0,000325 seconds.
  path: Assets/Texturas/suelo_normal.png
  artifactKey: Guid(1aeb864538b65eb46802c9ae75a57c38) Importer(815301076,1909f56bfc062723c751e8b465ee728b)
Start importing Assets/Texturas/suelo_normal.png using Guid(1aeb864538b65eb46802c9ae75a57c38) Importer(815301076,1909f56bfc062723c751e8b465ee728b)  -> (artifact id: '3f17b9a290bb8e9ed49250c4b5158ddf') in 0,019345 seconds
  Import took 0,056521 seconds .

========================================================================
Received Import Request.
  Time since last request: 0,000356 seconds.
  path: Assets/Texturas/level02.png
  artifactKey: Guid(63d301db9e9a988808f437330cbf4214) Importer(815301076,1909f56bfc062723c751e8b465ee728b)
Start importing Assets/Texturas/level02.png using Guid(63d301db9e9a988808f437330cbf4214) Importer(815301076,1909f56bfc062723c751e8b465ee728b)  -> (artifact id: 'b1b2856b9783fc457661388b89c9baf1') in 0,032676 seconds
  Import took 0,062607 seconds .

========================================================================
Received Import Request.
  Time since last request: 0,000282 seconds.
  path: Assets/Texturas/ladrilllo 1.png
  artifactKey: Guid(a2bc207d5fc24b3b897da5e69163ee46) Importer(815301076,1909f56bfc062723c751e8b465ee728b)
Start importing Assets/Texturas/ladrilllo 1.png using Guid(a2bc207d5fc24b3b897da5e69163ee46) Importer(815301076,1909f56bfc062723c751e8b465ee728b)  -> (artifact id: 'd443f24a943a5e1746730dd37a4dfea7') in 0,033566 seconds
  Import took 0,069798 seconds .

========================================================================
Received Import Request.
  Time since last request: 43,740375 seconds.
  path: Assets/prefabs/Game Manager.prefab
  artifactKey: Guid(925c72b3dbcb30b00ac8af1f9e88ee0f) Importer(815301076,1909f56bfc062723c751e8b465ee728b)
Start importing Assets/prefabs/Game Manager.prefab using Guid(925c72b3dbcb30b00ac8af1f9e88ee0f) Importer(815301076,1909f56bfc062723c751e8b465ee728b)  -> (artifact id: '67d8b4dc65bd9045908b84674f3fd134') in 0,334743 seconds
  Import took 0,372763 seconds .

========================================================================
Received Import Request.
  Time since last request: 3,406124 seconds.
  path: Assets/prefabs/Game Manager.prefab
  artifactKey: Guid(925c72b3dbcb30b00ac8af1f9e88ee0f) Importer(815301076,1909f56bfc062723c751e8b465ee728b)
Start importing Assets/prefabs/Game Manager.prefab using Guid(925c72b3dbcb30b00ac8af1f9e88ee0f) Importer(815301076,1909f56bfc062723c751e8b465ee728b)  -> (artifact id: '75c6c45cab45c0b29ebac730f1a63824') in 0,038534 seconds
  Import took 0,075836 seconds .

========================================================================
Received Import Request.
  Time since last request: 28,247620 seconds.
  path: Assets/Scenes/02.unity
  artifactKey: Guid(e49840a241d26b4c6b2fd2278f4c045a) Importer(815301076,1909f56bfc062723c751e8b465ee728b)
Start importing Assets/Scenes/02.unity using Guid(e49840a241d26b4c6b2fd2278f4c045a) Importer(815301076,1909f56bfc062723c751e8b465ee728b)  -> (artifact id: 'c94c28b97d83e6f32715b679d3434dba') in 0,003554 seconds
  Import took 0,033523 seconds .

========================================================================
Received Import Request.
  Time since last request: 0,000913 seconds.
  path: Assets/Scenes/02.unity
  artifactKey: Guid(e49840a241d26b4c6b2fd2278f4c045a) Importer(815301076,1909f56bfc062723c751e8b465ee728b)
Start importing Assets/Scenes/02.unity using Guid(e49840a241d26b4c6b2fd2278f4c045a) Importer(815301076,1909f56bfc062723c751e8b465ee728b)  -> (artifact id: 'c94c28b97d83e6f32715b679d3434dba') in 0,001896 seconds
  Import took 0,011219 seconds .

========================================================================
Received Prepare
Shader 'Universal Render Pipeline/Particles/Lit': fallback shader 'Universal Render Pipeline/Particles/SimpleLit' not found
Refreshing native plugins compatible for Editor in 5,20 ms, found 0 plugins.
Preloading 0 native plugins for Editor in 0,00 ms.
Unloading 21 Unused Serialized files (Serialized files now loaded: 0)
System memory in use before: 66,1 MB.
System memory in use after: 66,1 MB.

Unloading 25 unused Assets to reduce memory usage. Loaded Objects now: 3463.
Total: 7,057641 ms (FindLiveObjects: 0,508163 ms CreateObjectMapping: 0,179546 ms MarkObjects: 6,025126 ms  DeleteObjects: 0,342837 ms)

AssetImportWorkerClient::OnTransportError - code=2 error=End of file
