Using pre-set license
Desktop is 1440 x 900 @ 60 Hz

 COMMAND LINE ARGUMENTS:
Unity
-adb2
-batchMode
-noUpm
-name
AssetImportWorker6
-projectPath
/home/victor/UnityP/CoinCollectorURP
-logFile
Logs/AssetImportWorker6.log
-srvPort
36395
Successfully changed project path to: /home/victor/UnityP/CoinCollectorURP
/home/victor/UnityP/CoinCollectorURP
Using Asset Import Pipeline V2.
Refreshing native plugins compatible for Editor in 20826,98 ms, found 0 plugins.
Preloading 0 native plugins for Editor in 0,00 ms.
Initialize engine version: 2020.3.11f1 (99c7afb366b3)
[Subsystems] Discovering subsystems at path /home/victor/Unity/Hub/Editor/2020.3.11f1/Editor/Data/Resources/UnitySubsystems
[Subsystems] Discovering subsystems at path /home/victor/UnityP/CoinCollectorURP/Assets
